CRITICAL - 2024-07-29 07:41:50 --> Error: Class "Locale" not found
[Method: GET, Route: /]
in SYSTEMPATH\CodeIgniter.php on line 190.
 1 SYSTEMPATH\Boot.php(312): CodeIgniter\CodeIgniter->initialize()
 2 SYSTEMPATH\Boot.php(101): CodeIgniter\Boot::initializeCodeIgniter()
 3 ROOTPATH\spark(84): CodeIgniter\Boot::bootSpark(Object(Config\Paths))
CRITICAL - 2024-07-29 07:41:50 --> ErrorException: Uncaught Error: Class "Locale" not found in D:\T\admin\system\I18n\TimeTrait.php:76
Stack trace:
#0 D:\T\admin\system\I18n\TimeTrait.php(117): CodeIgniter\I18n\Time->__construct(NULL, NULL, NULL)
#1 D:\T\admin\system\HTTP\ResponseTrait.php(395): CodeIgniter\I18n\Time::now()
#2 D:\T\admin\system\HTTP\ResponseTrait.php(373): CodeIgniter\HTTP\Response->sendHeaders()
#3 D:\T\admin\system\Debug\ExceptionHandler.php(83): CodeIgniter\HTTP\Response->send()
#4 D:\T\admin\system\Debug\Exceptions.php(163): CodeIgniter\Debug\ExceptionHandler->handle(Object(Error), Object(CodeIgniter\HTTP\IncomingRequest), Object(CodeIgniter\HTTP\Response), 500, 1)
#5 [internal function]: CodeIgniter\Debug\Exceptions->exceptionHandler(Object(Error))
#6 {main}
  thrown
【Previous Exception】
Error
Class "Locale" not found
#0 D:\T\admin\system\Boot.php(312): CodeIgniter\CodeIgniter->initialize()
#1 D:\T\admin\system\Boot.php(101): CodeIgniter\Boot::initializeCodeIgniter()
#2 D:\T\admin\spark(84): CodeIgniter\Boot::bootSpark(Object(Config\Paths))
#3 {main}
[Method: GET, Route: /]
in SYSTEMPATH\I18n\TimeTrait.php on line 76.
 1 [internal function]: CodeIgniter\Debug\Exceptions->shutdownHandler()
